c:\users\hadar\desktop\אפקה\2023א\מבוא לתכנות מערכות\הגשות\הגשה 4\hw4\x64\debug\vc143.pdb
c:\users\hadar\desktop\אפקה\2023א\מבוא לתכנות מערכות\הגשות\הגשה 4\hw4\x64\debug\vc143.idb
c:\users\hadar\desktop\אפקה\2023א\מבוא לתכנות מערכות\הגשות\הגשה 4\hw4\x64\debug\supermarket.obj
c:\users\hadar\desktop\אפקה\2023א\מבוא לתכנות מערכות\הגשות\הגשה 4\hw4\x64\debug\superfile.obj
c:\users\hadar\desktop\אפקה\2023א\מבוא לתכנות מערכות\הגשות\הגשה 4\hw4\x64\debug\shoppingitem.obj
c:\users\hadar\desktop\אפקה\2023א\מבוא לתכנות מערכות\הגשות\הגשה 4\hw4\x64\debug\shoppingcart.obj
c:\users\hadar\desktop\אפקה\2023א\מבוא לתכנות מערכות\הגשות\הגשה 4\hw4\x64\debug\product.obj
c:\users\hadar\desktop\אפקה\2023א\מבוא לתכנות מערכות\הגשות\הגשה 4\hw4\x64\debug\main.obj
c:\users\hadar\desktop\אפקה\2023א\מבוא לתכנות מערכות\הגשות\הגשה 4\hw4\x64\debug\generallist.obj
c:\users\hadar\desktop\אפקה\2023א\מבוא לתכנות מערכות\הגשות\הגשה 4\hw4\x64\debug\general.obj
c:\users\hadar\desktop\אפקה\2023א\מבוא לתכנות מערכות\הגשות\הגשה 4\hw4\x64\debug\filehelper.obj
c:\users\hadar\desktop\אפקה\2023א\מבוא לתכנות מערכות\הגשות\הגשה 4\hw4\x64\debug\customer.obj
c:\users\hadar\desktop\אפקה\2023א\מבוא לתכנות מערכות\הגשות\הגשה 4\hw4\x64\debug\address.obj
c:\users\hadar\desktop\אפקה\2023א\מבוא לתכנות מערכות\הגשות\הגשה 4\hw4\x64\debug\hw4.exe
c:\users\hadar\desktop\אפקה\2023א\מבוא לתכנות מערכות\הגשות\הגשה 4\hw4\x64\debug\hw4.ilk
c:\users\hadar\desktop\אפקה\2023א\מבוא לתכנות מערכות\הגשות\הגשה 4\hw4\x64\debug\hw4.pdb
c:\users\hadar\desktop\אפקה\2023א\מבוא לתכנות מערכות\הגשות\הגשה 4\hw4\x64\debug\hw4.tlog\cl.command.1.tlog
c:\users\hadar\desktop\אפקה\2023א\מבוא לתכנות מערכות\הגשות\הגשה 4\hw4\x64\debug\hw4.tlog\cl.read.1.tlog
c:\users\hadar\desktop\אפקה\2023א\מבוא לתכנות מערכות\הגשות\הגשה 4\hw4\x64\debug\hw4.tlog\cl.write.1.tlog
c:\users\hadar\desktop\אפקה\2023א\מבוא לתכנות מערכות\הגשות\הגשה 4\hw4\x64\debug\hw4.tlog\link.command.1.tlog
c:\users\hadar\desktop\אפקה\2023א\מבוא לתכנות מערכות\הגשות\הגשה 4\hw4\x64\debug\hw4.tlog\link.read.1.tlog
c:\users\hadar\desktop\אפקה\2023א\מבוא לתכנות מערכות\הגשות\הגשה 4\hw4\x64\debug\hw4.tlog\link.write.1.tlog
